<html>
<head>
<META http-equiv="Content-Type" content="text/html; charset=UTF-8">
<title>Testcase summary</title>
<link href="../../css/bootstrap.min.css" rel="stylesheet">
<script src="../../js/jquery.min.js"></script><script src="../../js/bootstrap.min.js"></script>
</head>
<body>
<div class="container">
<h1>testP0S1TsNonDefault3PropertyValueJsonSerialization</h1>
<h2>
<a href="../../testsuites/1196603476_stacktrace.html" target="_blank">(stack trace)</a>
</h2>
<table class="table table-striped" style="width: 1500px">
<tr>
<th>Name</th><th>Status</th><th>Time</th>
</tr>
<tr>
<td>testP0S1TsNonDefault3PropertyValueJsonSerialization</td><td>Failed</td><td>0.016</td>
</tr>
</table>
<div>
<table class="table" style="width: 1500px">
<tr>
<td>Type:</td><td>java.lang.AssertionError</td>
</tr>
<tr>
<td>Message:</td><td>expected:<V0S1Ts([1970-01-01T01:00:00.000+01:00, 2015-04-08T16:20:13.649+02:00, 2038-02-13T00:45:30.647+01:00, 0001-01-01T00:00:00.000+01:22])> but was:<V0S1Ts([2038-02-13T00:45:30.647+01:00, 1970-01-01T01:00:00.000+01:00, 2015-04-08T16:20:13.649+02:00, 0001-01-01T00:00:00.000+01:22])></td>
</tr>
<tr>
<td>Text:</td><td><code>java.lang.AssertionError: expected:<V0S1Ts([1970-01-01T01:00:00.000+01:00, 2015-04-08T16:20:13.649+02:00, 2038-02-13T00:45:30.647+01:00, 0001-01-01T00:00:00.000+01:22])> but was:<V0S1Ts([2038-02-13T00:45:30.647+01:00, 1970-01-01T01:00:00.000+01:00, 2015-04-08T16:20:13.649+02:00, 0001-01-01T00:00:00.000+01:22])><br/>	at com.dslplatform.ocd.values.ValueWithNullableSetOfOneTimestampsProperty.testP0S1TsNonDefault3PropertyValueJsonSerialization(Unknown Source)<br/></code></td>
</tr>
</table>
</div>
</div>
</body>
</html>
